

> web@0.1.0 build /Users/kevinstubbs/dev/argentina/fixeddmm/web
> next build

 [33m[1m⚠[22m[39m Warning: Next.js inferred your workspace root, but it may not be correct.
 We detected multiple lockfiles and selected the directory of /Users/kevinstubbs/dev/argentina/fixeddmm/pnpm-lock.yaml as the root directory.
 To silence this warning, set `turbopack.root` in your Next.js config, or consider removing one of the lockfiles if it's not needed.
   See https://nextjs.org/docs/app/api-reference/config/next-config-js/turbopack#root-directory for more information.
 Detected additional lockfiles: 
   * /Users/kevinstubbs/dev/argentina/fixeddmm/web/pnpm-lock.yaml

   [1m[38;2;173;127;168m▲ Next.js 16.0.3[39m[22m (Turbopack)

 [37m[1m [22m[39m Creating an optimized production build ...
 [32m[1m✓[22m[39m Compiled successfully in 1706.1ms
[?25l [37m[1m [22m[39m Running TypeScript  [36m.[39m[2K[1G [37m[1m [22m[39m Running TypeScript  [36m..[39m[2K[1G [37m[1m [22m[39m Running TypeScript  [36m...[39m[2K[1G [37m[1m [22m[39m Running TypeScript  [36m.[39m[2K[1G [37m[1m [22m[39m Running TypeScript  [36m..[39m[2K[1G [37m[1m [22m[39m Running TypeScript  [36m...[39m[2K[1G [37m[1m [22m[39m Running TypeScript  [36m.[39m[2K[1G [37m[1m [22m[39m Running TypeScript  [36m..[39m[2K[1G[?25h[?25l [37m[1m [22m[39m Finished TypeScript in 1459.0ms  [36m.[39m[2K[1G[?25h [37m[1m [22m[39m Finished TypeScript in 1459.0ms     [32m[1m✓[22m[39m Finished TypeScript in 1459.0ms 
[?25l [37m[1m [22m[39m Collecting page data using 7 workers  [36m.[39m[2K[1G [37m[1m [22m[39m Collecting page data using 7 workers  [36m..[39m[2K[1G[?25h [37m[1m [22m[39m Collecting page data using 7 workers in 282.8ms     [32m[1m✓[22m[39m Collecting page data using 7 workers in 282.8ms 
[?25l [37m[1m [22m[39m Generating static pages using 7 workers (0/4)  [36m[    ][39m[2K[1G [37m[1m [22m[39m Generating static pages using 7 workers (0/4)  [36m[=   ][39m[2K[1G[?25h [32m[1m✓[22m[39m Generating static pages using 7 workers (4/4) in 358.4ms
[?25l [37m[1m [22m[39m Finalizing page optimization  [36m.[39m[2K[1G[?25h [37m[1m [22m[39m Finalizing page optimization in 9.1ms     [32m[1m✓[22m[39m Finalizing page optimization in 9.1ms 

[4mRoute (app)[24m
┌ ○ /
├ ○ /_not-found
└ ƒ /api/tokens/[tokenId]


○  (Static)   prerendered as static content
ƒ  (Dynamic)  server-rendered on demand

[?25h
